<?xml version="1.0" encoding="UTF-8"?>
<testsuite xmlns:xsi="http://www.w3.org/2001/XMLSchema-instance" xsi:noNamespaceSchemaLocation="https://maven.apache.org/surefire/maven-surefire-plugin/xsd/surefire-test-report.xsd" version="3.0.2" name="com.example.APIRateLimiter.ApiRateLimiterApplicationTests" time="4.436" tests="1" errors="0" skipped="0" failures="0">
  <properties>
[...]
</properties>
  <testcase name="contextLoads" classname="com.example.APIRateLimiter.ApiRateLimiterApplicationTests" time="0.796">
    <system-out><![CDATA[19:59:47.016 [main] INFO org.springframework.test.context.support.AnnotationConfigContextLoaderUtils -- Could not detect default configuration classes for test class [com.example.APIRateLimiter.ApiRateLimiterApplicationTests]: ApiRateLimiterApplicationTests does not declare any static, non-private, non-final, nested classes annotated with @Configuration.
19:59:47.188 [main] INFO org.springframework.boot.test.context.SpringBootTestContextBootstrapper -- Found @SpringBootConfiguration com.example.APIRateLimiter.ApiRateLimiterApplication for test class com.example.APIRateLimiter.ApiRateLimiterApplicationTests
19:59:47.416 [main] INFO org.springframework.boot.devtools.restart.RestartApplicationListener -- Restart disabled due to context in which it is running

  .   ____          _            __ _ _
 /\\ / ___'_ __ _ _(_)_ __  __ _ \ \ \ \
( ( )\___ | '_ | '_| | '_ \/ _` | \ \ \ \
 \\/  ___)| |_)| | | | | || (_| |  ) ) ) )
  '  |____| .__|_| |_|_| |_\__, | / / / /
 =========|_|==============|___/=/_/_/_/

 :: Spring Boot ::                (v3.5.0)

2025-06-25T19:59:47.982+05:30  INFO 21564 --- [APIRateLimiter] [           main] c.e.A.ApiRateLimiterApplicationTests     : Starting ApiRateLimiterApplicationTests using Java 24.0.1 with PID 21564 (started by sharu.mahendran in D:\APIRateLimiter)
2025-06-25T19:59:47.984+05:30  INFO 21564 --- [APIRateLimiter] [           main] c.e.A.ApiRateLimiterApplicationTests     : No active profile set, falling back to 1 default profile: "default"
2025-06-25T19:59:48.670+05:30  INFO 21564 --- [APIRateLimiter] [           main] .s.d.r.c.RepositoryConfigurationDelegate : Multiple Spring Data modules found, entering strict repository configuration mode
2025-06-25T19:59:48.672+05:30  INFO 21564 --- [APIRateLimiter] [           main] .s.d.r.c.RepositoryConfigurationDelegate : Bootstrapping Spring Data Redis repositories in DEFAULT mode.
2025-06-25T19:59:48.710+05:30  INFO 21564 --- [APIRateLimiter] [           main] .s.d.r.c.RepositoryConfigurationDelegate : Finished Spring Data repository scanning in 15 ms. Found 0 Redis repository interfaces.
2025-06-25T19:59:50.366+05:30  INFO 21564 --- [APIRateLimiter] [           main] c.e.A.ApiRateLimiterApplicationTests     : Started ApiRateLimiterApplicationTests in 2.972 seconds (process running for 4.437)
]]></system-out>
    <system-err><![CDATA[Mockito is currently self-attaching to enable the inline-mock-maker. This will no longer work in future releases of the JDK. Please add Mockito as an agent to your build as described in Mockito's documentation: https://javadoc.io/doc/org.mockito/mockito-core/latest/org.mockito/org/mockito/Mockito.html#0.3
WARNING: A Java agent has been loaded dynamically (C:\Users\sharu.mahendran\.m2\repository\net\bytebuddy\byte-buddy-agent\1.17.5\byte-buddy-agent-1.17.5.jar)
WARNING: If a serviceability tool is in use, please run with -XX:+EnableDynamicAgentLoading to hide this warning
WARNING: If a serviceability tool is not in use, please run with -Djdk.instrument.traceUsage for more information
WARNING: Dynamic loading of agents will be disallowed by default in a future release
]]></system-err>
  </testcase>
</testsuite>